<?xml version="1.0" encoding="UTF-8"?>
<!-- Generated by org.testng.reporters.JUnitReportReporter -->
<testsuite hostname="LAPTOP-H97D9H55" failures="0" tests="2" name="Test.ddrctest" time="37.939" errors="0" timestamp="2024-09-12T01:31:12 IST" skipped="0">
  <testcase classname="Test.ddrctest" name="test1" time="18.937"/>
  <testcase classname="Test.ddrctest" name="test1" time="19.002"/>
</testsuite> <!-- Test.ddrctest -->
