<?xml version="1.0" encoding="UTF-8"?>
<!-- Generated by org.testng.reporters.JUnitReportReporter -->
<testsuite hostname="LAPTOP-H97D9H55" failures="0" tests="1" name="Test.ddrctest2" time="7.693" errors="0" timestamp="2024-09-11T01:02:28 IST" skipped="0">
  <testcase classname="Test.ddrctest2" name="test2" time="7.693"/>
</testsuite> <!-- Test.ddrctest2 -->
